app/build/intermediates/manifest_merge_blame_file/release/manifest-merger-blame-release-report.txt
1<?xml version="1.0" encoding="utf-8"?>
2<manifest xmlns:android="http://schemas.android.com/apk/res/android"
3    package="com.noorall.weschool"
4    android:versionCode="6"
5    android:versionName="1.1.4" >
6
7    <uses-sdk
8        android:minSdkVersion="23"
8-->src\main\AndroidManifest.xml
9        android:targetSdkVersion="28" />
9-->src\main\AndroidManifest.xml
10
11    <uses-permission android:name="android.permission.INTERNET" />
11-->src\main\AndroidManifest.xml:5:5-67
11-->src\main\AndroidManifest.xml:5:22-64
12
13    <application
13-->src\main\AndroidManifest.xml:7:5-42:19
14        android:name="org.litepal.LitePalApplication"
14-->src\main\AndroidManifest.xml:8:9-54
15        android:allowBackup="true"
15-->src\main\AndroidManifest.xml:9:9-35
16        android:appComponentFactory="androidx.core.app.CoreComponentFactory"
16-->[androidx.core:core:1.3.0-beta01] AndroidManifest.xml:24:18-86
17        android:icon="@mipmap/ic_launcher"
17-->src\main\AndroidManifest.xml:10:9-43
18        android:label="@string/app_name"
18-->src\main\AndroidManifest.xml:11:9-41
19        android:networkSecurityConfig="@xml/http"
19-->src\main\AndroidManifest.xml:12:9-50
20        android:roundIcon="@mipmap/ic_launcher"
20-->src\main\AndroidManifest.xml:13:9-48
21        android:supportsRtl="true"
21-->src\main\AndroidManifest.xml:14:9-35
22        android:theme="@style/AppTheme" >
22-->src\main\AndroidManifest.xml:15:9-40
23        <receiver android:name="com.noorall.weschool.appwidget.CourseAppWidget" >
23-->src\main\AndroidManifest.xml:16:9-24:20
23-->src\main\AndroidManifest.xml:16:19-60
24            <intent-filter>
24-->src\main\AndroidManifest.xml:17:13-19:29
25                <action android:name="android.appwidget.action.APPWIDGET_UPDATE" />
25-->src\main\AndroidManifest.xml:18:17-84
25-->src\main\AndroidManifest.xml:18:25-81
26            </intent-filter>
27
28            <meta-data
28-->src\main\AndroidManifest.xml:21:13-23:66
29                android:name="android.appwidget.provider"
29-->src\main\AndroidManifest.xml:22:17-58
30                android:resource="@xml/course_app_widget_info" />
30-->src\main\AndroidManifest.xml:23:17-63
31        </receiver>
32
33        <service
33-->src\main\AndroidManifest.xml:25:9-28:72
34            android:name="com.noorall.weschool.appwidget.CourseRemoteViewsService"
34-->src\main\AndroidManifest.xml:26:13-63
35            android:exported="false"
35-->src\main\AndroidManifest.xml:27:13-37
36            android:permission="android.permission.BIND_REMOTEVIEWS" />
36-->src\main\AndroidManifest.xml:28:13-69
37
38        <activity android:name="com.noorall.weschool.exercise.ExerciseActivity" />
38-->src\main\AndroidManifest.xml:30:9-63
38-->src\main\AndroidManifest.xml:30:19-60
39        <activity android:name="com.noorall.weschool.profiles.AboutActivity" />
39-->src\main\AndroidManifest.xml:31:9-60
39-->src\main\AndroidManifest.xml:31:19-57
40        <activity android:name="com.noorall.weschool.login.LoginActivity" />
40-->src\main\AndroidManifest.xml:32:9-57
40-->src\main\AndroidManifest.xml:32:19-54
41        <activity
41-->src\main\AndroidManifest.xml:33:9-41:20
42            android:name="com.noorall.weschool.MainActivity"
42-->src\main\AndroidManifest.xml:34:13-41
43            android:label="@string/app_name" >
43-->src\main\AndroidManifest.xml:35:13-45
44            <intent-filter>
44-->src\main\AndroidManifest.xml:36:13-40:29
45                <action android:name="android.intent.action.MAIN" />
45-->src\main\AndroidManifest.xml:37:17-69
45-->src\main\AndroidManifest.xml:37:25-66
46
47                <category android:name="android.intent.category.LAUNCHER" />
47-->src\main\AndroidManifest.xml:39:17-77
47-->src\main\AndroidManifest.xml:39:27-74
48            </intent-filter>
49        </activity>
50
51        <provider
51-->[androidx.lifecycle:lifecycle-process:2.0.0] AndroidManifest.xml:23:9-27:43
52            android:name="androidx.lifecycle.ProcessLifecycleOwnerInitializer"
52-->[androidx.lifecycle:lifecycle-process:2.0.0] AndroidManifest.xml:24:13-79
53            android:authorities="com.noorall.weschool.lifecycle-process"
53-->[androidx.lifecycle:lifecycle-process:2.0.0] AndroidManifest.xml:25:13-69
54            android:exported="false"
54-->[androidx.lifecycle:lifecycle-process:2.0.0] AndroidManifest.xml:26:13-37
55            android:multiprocess="true" />
55-->[androidx.lifecycle:lifecycle-process:2.0.0] AndroidManifest.xml:27:13-40
56    </application>
57
58</manifest>